<?xml version="1.0" encoding="UTF-8"?>
<!-- Generated by org.testng.reporters.JUnitXMLReporter -->
<testsuite ignored="0" hostname="DESKTOP-8C0LO3K" failures="0" tests="2" name="Default test" time="19.34" errors="0" timestamp="2023-12-14T08:25:56 IST">
  <testcase classname="com.obsqura.test.CreateDeliveryBoyUsingDataProviders" name="createDeliverytBoy" time="4.397"/>
  <testcase classname="com.obsqura.test.CreateDeliveryBoyUsingDataProviders" name="createDeliverytBoy" time="4.195"/>
</testsuite> <!-- Default test -->
