<?xml version="1.0" encoding="UTF-8"?>
<!-- Generated by org.testng.reporters.JUnitXMLReporter -->
<testsuite ignored="0" hostname="DESKTOP-8C0LO3K" failures="1" tests="1" name="DeliveryBoy" time="5.962" errors="0" timestamp="2023-12-27T09:45:36 IST">
  <testcase classname="com.obsqura.test.CreateDeliveryBoy" name="createDeliveryBoy" time="1.698">
    <failure type="java.lang.AssertionError" message="Failed to match  alert Text expected [Delivery Boy Details Created ] but found [Delivery Boy Details Created Successfully]">
      <![CDATA[java.lang.AssertionError: Failed to match  alert Text expected [Delivery Boy Details Created ] but found [Delivery Boy Details Created Successfully]
at com.obsqura.test.CreateDeliveryBoy.createDeliveryBoy(CreateDeliveryBoy.java:29)
at java.base/java.util.ArrayList.forEach(ArrayList.java:1511)
at java.base/java.util.concurrent.FutureTask.run(FutureTask.java:264)
at java.base/java.util.concurrent.ThreadPoolExecutor.runWorker(ThreadPoolExecutor.java:1136)
at java.base/java.util.concurrent.ThreadPoolExecutor$Worker.run(ThreadPoolExecutor.java:635)
at java.base/java.lang.Thread.run(Thread.java:840)
... Removed 22 stack frames]]>
    </failure>
  </testcase> <!-- createDeliveryBoy -->
</testsuite> <!-- DeliveryBoy -->
