<?xml version="1.0" encoding="UTF-8"?>
<!-- Generated by org.testng.reporters.JUnitXMLReporter -->
<testsuite ignored="0" hostname="DESKTOP-8C0LO3K" failures="0" tests="2" name="DeliverBoyDP" time="10.248" errors="0" timestamp="2023-12-21T09:19:34 IST">
  <testcase classname="com.obsqura.test.CreateDeliveryBoyUsingDataProviders" name="createDeliveryBoyDataProviders" time="2.787"/>
  <testcase classname="com.obsqura.test.CreateDeliveryBoyUsingDataProviders" name="createDeliveryBoyDataProviders" time="1.566"/>
</testsuite> <!-- DeliverBoyDP -->
