<?xml version="1.0" encoding="UTF-8"?>
<!-- Generated by org.testng.reporters.JUnitXMLReporter -->
<testsuite ignored="0" hostname="DESKTOP-8C0LO3K" failures="1" tests="1" name="ManageExpenseTest" time="4.912" errors="0" timestamp="2023-12-20T08:40:34 IST">
  <testcase classname="com.obsqura.test.ManageExpenseTest" name="ExpenseCategory" time="2.287">
    <failure type="java.lang.AssertionError" message="null">
      <![CDATA[java.lang.AssertionError: null
at com.obsqura.test.ManageExpenseTest.ExpenseCategory(ManageExpenseTest.java:18)
at java.base/java.util.ArrayList.forEach(ArrayList.java:1511)
... Removed 29 stack frames]]>
    </failure>
  </testcase> <!-- ExpenseCategory -->
</testsuite> <!-- ManageExpenseTest -->
