<?xml version="1.0" encoding="UTF-8"?>
<!-- Generated by org.testng.reporters.JUnitXMLReporter -->
<testsuite ignored="3" hostname="DESKTOP-8C0LO3K" failures="1" tests="1" name="Smoke Tests" time="0.338" errors="0" timestamp="2023-12-14T08:33:02 IST">
  <testcase classname="com.obsqura.test.ManageExpenseTest" name="ExpenseCategory" time="0.049">
    <failure type="java.lang.NullPointerException" message="Cannot invoke &amp;quot;com.obsqura.pages.LoginPage.Login()&amp;quot; because &amp;quot;this.lp&amp;quot; is null">
      <![CDATA[java.lang.NullPointerException: Cannot invoke "com.obsqura.pages.LoginPage.Login()" because "this.lp" is null
at com.obsqura.test.ManageExpenseTest.ExpenseCategory(ManageExpenseTest.java:13)
at java.base/java.util.ArrayList.forEach(ArrayList.java:1511)
... Removed 27 stack frames]]>
    </failure>
  </testcase> <!-- ExpenseCategory -->
  <testcase classname="com.obsqura.test.LoginTest" name="verifyLogin" time="0.0">
    <ignored/>
  </testcase> <!-- verifyLogin -->
  <testcase classname="com.obsqura.test.CreateDeliveryBoy" name="createDeliverytBoy" time="0.0">
    <ignored/>
  </testcase> <!-- createDeliverytBoy -->
  <testcase classname="com.obsqura.test.CreateDeliveryBoyUsingDataProviders" name="createDeliverytBoy" time="0.0">
    <ignored/>
  </testcase> <!-- createDeliverytBoy -->
</testsuite> <!-- Smoke Tests -->
