<?xml version="1.0" encoding="UTF-8"?>
<!-- Generated by org.testng.reporters.JUnitXMLReporter -->
<testsuite ignored="3" hostname="DESKTOP-8C0LO3K" failures="0" tests="1" name="SmokeTests" time="13.094" errors="0" timestamp="2023-12-14T08:50:26 IST">
  <testcase classname="com.obsqura.test.ManageExpenseTest" name="ExpenseCategory" time="3.833"/>
  <testcase classname="com.obsqura.test.LoginTest" name="verifyLogin" time="0.0">
    <ignored/>
  </testcase> <!-- verifyLogin -->
  <testcase classname="com.obsqura.test.CreateDeliveryBoyUsingDataProviders" name="createDeliverytBoy" time="0.0">
    <ignored/>
  </testcase> <!-- createDeliverytBoy -->
  <testcase classname="com.obsqura.test.CreateDeliveryBoy" name="createDeliverytBoy" time="0.0">
    <ignored/>
  </testcase> <!-- createDeliverytBoy -->
</testsuite> <!-- SmokeTests -->
