<?xml version="1.0" encoding="UTF-8"?>
<testng-results ignored="0" total="1" passed="1" failed="0" skipped="0">
  <reporter-output>
  </reporter-output>
  <suite started-at="2023-12-05T22:05:11 EST" name="Default suite" finished-at="2023-12-05T22:05:17 EST" duration-ms="5856">
    <groups>
    </groups>
    <test started-at="2023-12-05T22:05:11 EST" name="Default test" finished-at="2023-12-05T22:05:17 EST" duration-ms="5856">
      <class name="com.obsqura.test.LoginTest">
        <test-method is-config="true" signature="initDriver()[pri:0, instance:com.obsqura.test.LoginTest@dbf57b3]" started-at="2023-12-05T22:05:11 EST" name="initDriver" finished-at="2023-12-05T22:05:16 EST" duration-ms="4297" status="PASS">
          <reporter-output>
          </reporter-output>
        </test-method> <!-- initDriver -->
        <test-method signature="verifyLogin()[pri:0, instance:com.obsqura.test.LoginTest@dbf57b3]" started-at="2023-12-05T22:05:16 EST" name="verifyLogin" finished-at="2023-12-05T22:05:17 EST" duration-ms="1488" status="PASS">
          <reporter-output>
          </reporter-output>
        </test-method> <!-- verifyLogin -->
        <test-method is-config="true" signature="tearDown()[pri:0, instance:com.obsqura.test.LoginTest@dbf57b3]" started-at="2023-12-05T22:05:17 EST" name="tearDown" finished-at="2023-12-05T22:05:17 EST" duration-ms="1" status="PASS">
          <reporter-output>
          </reporter-output>
        </test-method> <!-- tearDown -->
      </class> <!-- com.obsqura.test.LoginTest -->
    </test> <!-- Default test -->
  </suite> <!-- Default suite -->
</testng-results>
